<?xml version="1.0" encoding="UTF-8"?>
<!-- Generated by org.testng.reporters.JUnitReportReporter -->
<testsuite hostname="PC" failures="0" tests="2" name="com.LoginFuncation.registration" time="23.695" errors="0" timestamp="2025-08-15T23:51:48 IST" skipped="0">
  <testcase classname="com.LoginFuncation.registration" name="registrationPagewithAllField" time="11.662"/>
  <testcase classname="com.LoginFuncation.registration" name="registrationwithMandatryField" time="12.033"/>
</testsuite> <!-- com.LoginFuncation.registration -->
